<?xml version="1.0" encoding="UTF-8"?>
<!-- Generated by org.testng.reporters.JUnitXMLReporter -->
<testsuite ignored="0" hostname="Jyotis-MacBook-Air.local" failures="2" tests="14" name="Surefire test" time="175.044" errors="0" timestamp="2025-03-12T11:40:56 IST">
  <testcase classname="com.tutorialsninja.qa.testcases.SearchTest" name="verifySearchWithValidProduct" time="2.231"/>
  <testcase classname="com.tutorialsninja.qa.testcases.SearchTest" name="verifySearchWithInvalidProduct" time="2.029">
    <failure type="java.lang.AssertionError" message="No Prodcut  ,message in search not displayed expected [abc] but found [There is no product that matches the search criteria.]">
      <![CDATA[java.lang.AssertionError: No Prodcut  ,message in search not displayed expected [abc] but found [There is no product that matches the search criteria.]
at com.tutorialsninja.qa.testcases.SearchTest.verifySearchWithInvalidProduct(SearchTest.java:46)
at java.base/java.util.ArrayList.forEach(ArrayList.java:1597)
... Removed 35 stack frames]]>
    </failure>
  </testcase> <!-- verifySearchWithInvalidProduct -->
  <testcase classname="com.tutorialsninja.qa.testcases.SearchTest" name="verifySearchWithoutAnyProduct" time="0.0">
    <skipped/>
  </testcase> <!-- verifySearchWithoutAnyProduct -->
  <testcase classname="com.tutorialsninja.qa.testcases.LoginTest" name="verifyLoginWithValidCredentials" time="2.762"/>
  <testcase classname="com.tutorialsninja.qa.testcases.LoginTest" name="verifyLoginWithValidCredentials" time="2.669"/>
  <testcase classname="com.tutorialsninja.qa.testcases.LoginTest" name="verifyLoginWithValidCredentials" time="3.366"/>
  <testcase classname="com.tutorialsninja.qa.testcases.LoginTest" name="verifyLoginInvalidCredentials" time="2.146"/>
  <testcase classname="com.tutorialsninja.qa.testcases.LoginTest" name="verifyWithInalidEmailAndValidPassword" time="2.066"/>
  <testcase classname="com.tutorialsninja.qa.testcases.LoginTest" name="verifyWithValidEMailAndInvalidPassword" time="2.034">
    <failure type="java.lang.AssertionError" message="Expected warning message is not matched expected [true] but found [false]">
      <![CDATA[java.lang.AssertionError: Expected warning message is not matched expected [true] but found [false]
at com.tutorialsninja.qa.testcases.LoginTest.verifyWithValidEMailAndInvalidPassword(LoginTest.java:79)
at java.base/java.util.ArrayList.forEach(ArrayList.java:1597)
... Removed 33 stack frames]]>
    </failure>
  </testcase> <!-- verifyWithValidEMailAndInvalidPassword -->
  <testcase classname="com.tutorialsninja.qa.testcases.LoginTest" name="verifyWithoutProvidingCredentials" time="0.939"/>
  <testcase classname="com.tutorialsninja.qa.testcases.RegisterTest" name="verifyRegisteringAnAccountWithManadateFields" time="4.187"/>
  <testcase classname="com.tutorialsninja.qa.testcases.RegisterTest" name="verifyRegistringAccountByProvidingAllFields" time="4.734"/>
  <testcase classname="com.tutorialsninja.qa.testcases.RegisterTest" name="verifyRegisteringAnAccountWIthExistingEmailAddress" time="4.74"/>
  <testcase classname="com.tutorialsninja.qa.testcases.RegisterTest" name="verifyRegisteringAnAccountWithoutFIllingAnyDetails" time="1.557"/>
</testsuite> <!-- Surefire test -->
