<?xml version="1.0" encoding="UTF-8"?>
<!-- Generated by org.testng.reporters.JUnitXMLReporter -->
<testsuite ignored="0" hostname="Jyotis-MacBook-Air.local" failures="2" tests="14" name="TutorialsNinja Tests" time="46.001" errors="0" timestamp="2025-03-13T08:03:46 IST">
  <testcase classname="com.tutorialsninja.qa.testcases.RegisterTest" name="verifyRegisteringAnAccountWithManadateFields" time="0.629">
    <failure type="java.lang.AssertionError" message="Account SUccess Page is not displayed expected [Your Account Has Been Created!] but found [Register Account]">
      <![CDATA[java.lang.AssertionError: Account SUccess Page is not displayed expected [Your Account Has Been Created!] but found [Register Account]
at com.tutorialsninja.qa.testcases.RegisterTest.verifyRegisteringAnAccountWithManadateFields(RegisterTest.java:56)
at java.base/java.util.ArrayList.forEach(ArrayList.java:1596)
... Removed 34 stack frames]]>
    </failure>
  </testcase> <!-- verifyRegisteringAnAccountWithManadateFields -->
  <testcase classname="com.tutorialsninja.qa.testcases.RegisterTest" name="verifyRegistringAccountByProvidingAllFields" time="0.939"/>
  <testcase classname="com.tutorialsninja.qa.testcases.RegisterTest" name="verifyRegisteringAnAccountWIthExistingEmailAddress" time="0.809"/>
  <testcase classname="com.tutorialsninja.qa.testcases.RegisterTest" name="verifyRegisteringAnAccountWithoutFIllingAnyDetails" time="0.39"/>
  <testcase classname="com.tutorialsninja.qa.testcases.LoginTest" name="verifyLoginWithValidCredentials" time="0.672"/>
  <testcase classname="com.tutorialsninja.qa.testcases.LoginTest" name="verifyLoginWithValidCredentials" time="0.65"/>
  <testcase classname="com.tutorialsninja.qa.testcases.LoginTest" name="verifyLoginWithValidCredentials" time="0.669"/>
  <testcase classname="com.tutorialsninja.qa.testcases.LoginTest" name="verifyLoginInvalidCredentials" time="0.562"/>
  <testcase classname="com.tutorialsninja.qa.testcases.LoginTest" name="verifyWithInalidEmailAndValidPassword" time="0.551"/>
  <testcase classname="com.tutorialsninja.qa.testcases.LoginTest" name="verifyWithValidEMailAndInvalidPassword" time="0.587"/>
  <testcase classname="com.tutorialsninja.qa.testcases.LoginTest" name="verifyWithoutProvidingCredentials" time="0.525"/>
  <testcase classname="com.tutorialsninja.qa.testcases.SearchTest" name="verifySearchWithValidProduct" time="0.341"/>
  <testcase classname="com.tutorialsninja.qa.testcases.SearchTest" name="verifySearchWithInvalidProduct" time="0.242">
    <failure type="java.lang.AssertionError" message="No Prodcut  ,message in search not displayed expected [abc] but found [There is no product that matches the search criteria.]">
      <![CDATA[java.lang.AssertionError: No Prodcut  ,message in search not displayed expected [abc] but found [There is no product that matches the search criteria.]
at com.tutorialsninja.qa.testcases.SearchTest.verifySearchWithInvalidProduct(SearchTest.java:46)
at java.base/java.util.ArrayList.forEach(ArrayList.java:1596)
... Removed 34 stack frames]]>
    </failure>
  </testcase> <!-- verifySearchWithInvalidProduct -->
  <testcase classname="com.tutorialsninja.qa.testcases.SearchTest" name="verifySearchWithoutAnyProduct" time="0.0">
    <skipped/>
  </testcase> <!-- verifySearchWithoutAnyProduct -->
</testsuite> <!-- TutorialsNinja Tests -->
